<?xml version="1.0" encoding="UTF-8"?>
<testsuite xmlns:xsi="http://www.w3.org/2001/XMLSchema-instance" xsi:noNamespaceSchemaLocation="https://maven.apache.org/surefire/maven-surefire-plugin/xsd/surefire-test-report-3.0.xsd" version="3.0" name="runners.TestRunner" time="27.82" tests="4" errors="1" skipped="0" failures="0">
  <properties>
    <property name="java.specification.version" value="17"/>
    <property name="sun.jnu.encoding" value="UTF-8"/>
    <property name="java.class.path" value="/Users/hakantetik/Desktop/YapayZeka/target/test-classes:/Users/hakantetik/Desktop/YapayZeka/target/classes:/Users/hakantetik/.m2/repository/io/cucumber/cucumber-java/7.14.0/cucumber-java-7.14.0.jar:/Users/hakantetik/.m2/repository/org/apiguardian/apiguardian-api/1.1.2/apiguardian-api-1.1.2.jar:/Users/hakantetik/.m2/repository/io/cucumber/cucumber-junit/7.14.0/cucumber-junit-7.14.0.jar:/Users/hakantetik/.m2/repository/io/cucumber/cucumber-core/7.14.0/cucumber-core-7.14.0.jar:/Users/hakantetik/.m2/repository/io/cucumber/cucumber-gherkin/7.14.0/cucumber-gherkin-7.14.0.jar:/Users/hakantetik/.m2/repository/io/cucumber/cucumber-gherkin-messages/7.14.0/cucumber-gherkin-messages-7.14.0.jar:/Users/hakantetik/.m2/repository/io/cucumber/messages/22.0.0/messages-22.0.0.jar:/Users/hakantetik/.m2/repository/io/cucumber/tag-expressions/5.0.6/tag-expressions-5.0.6.jar:/Users/hakantetik/.m2/repository/io/cucumber/cucumber-expressions/16.1.2/cucumber-expressions-16.1.2.jar:/Users/hakantetik/.m2/repository/io/cucumber/datatable/7.14.0/datatable-7.14.0.jar:/Users/hakantetik/.m2/repository/io/cucumber/cucumber-plugin/7.14.0/cucumber-plugin-7.14.0.jar:/Users/hakantetik/.m2/repository/io/cucumber/docstring/7.14.0/docstring-7.14.0.jar:/Users/hakantetik/.m2/repository/io/cucumber/html-formatter/20.4.0/html-formatter-20.4.0.jar:/Users/hakantetik/.m2/repository/io/cucumber/junit-xml-formatter/0.2.0/junit-xml-formatter-0.2.0.jar:/Users/hakantetik/.m2/repository/io/cucumber/ci-environment/9.2.0/ci-environment-9.2.0.jar:/Users/hakantetik/.m2/repository/org/seleniumhq/selenium/selenium-java/4.15.0/selenium-java-4.15.0.jar:/Users/hakantetik/.m2/repository/org/seleniumhq/selenium/selenium-api/4.15.0/selenium-api-4.15.0.jar:/Users/hakantetik/.m2/repository/org/seleniumhq/selenium/selenium-chrome-driver/4.15.0/selenium-chrome-driver-4.15.0.jar:/Users/hakantetik/.m2/repository/com/google/auto/service/auto-service-annotations/1.1.1/auto-service-annotations-1.1.1.jar:/Users/hakantetik/.m2/repository/org/seleniumhq/selenium/selenium-chromium-driver/4.15.0/selenium-chromium-driver-4.15.0.jar:/Users/hakantetik/.m2/repository/org/seleniumhq/selenium/selenium-json/4.15.0/selenium-json-4.15.0.jar:/Users/hakantetik/.m2/repository/org/seleniumhq/selenium/selenium-manager/4.15.0/selenium-manager-4.15.0.jar:/Users/hakantetik/.m2/repository/org/seleniumhq/selenium/selenium-devtools-v117/4.15.0/selenium-devtools-v117-4.15.0.jar:/Users/hakantetik/.m2/repository/org/seleniumhq/selenium/selenium-devtools-v118/4.15.0/selenium-devtools-v118-4.15.0.jar:/Users/hakantetik/.m2/repository/org/seleniumhq/selenium/selenium-devtools-v119/4.15.0/selenium-devtools-v119-4.15.0.jar:/Users/hakantetik/.m2/repository/org/seleniumhq/selenium/selenium-devtools-v85/4.15.0/selenium-devtools-v85-4.15.0.jar:/Users/hakantetik/.m2/repository/org/seleniumhq/selenium/selenium-edge-driver/4.15.0/selenium-edge-driver-4.15.0.jar:/Users/hakantetik/.m2/repository/org/seleniumhq/selenium/selenium-firefox-driver/4.15.0/selenium-firefox-driver-4.15.0.jar:/Users/hakantetik/.m2/repository/org/seleniumhq/selenium/selenium-http/4.15.0/selenium-http-4.15.0.jar:/Users/hakantetik/.m2/repository/dev/failsafe/failsafe/3.3.2/failsafe-3.3.2.jar:/Users/hakantetik/.m2/repository/org/seleniumhq/selenium/selenium-ie-driver/4.15.0/selenium-ie-driver-4.15.0.jar:/Users/hakantetik/.m2/repository/org/seleniumhq/selenium/selenium-remote-driver/4.15.0/selenium-remote-driver-4.15.0.jar:/Users/hakantetik/.m2/repository/com/google/guava/guava/32.1.2-jre/guava-32.1.2-jre.jar:/Users/hakantetik/.m2/repository/com/google/guava/failureaccess/1.0.1/failureaccess-1.0.1.jar:/Users/hakantetik/.m2/repository/com/google/guava/listenablefuture/9999.0-empty-to-avoid-conflict-with-guava/listenablefuture-9999.0-empty-to-avoid-conflict-with-guava.jar:/Users/hakantetik/.m2/repository/com/google/code/findbugs/jsr305/3.0.2/jsr305-3.0.2.jar:/Users/hakantetik/.m2/repository/org/checkerframework/checker-qual/3.33.0/checker-qual-3.33.0.jar:/Users/hakantetik/.m2/repository/com/google/errorprone/error_prone_annotations/2.18.0/error_prone_annotations-2.18.0.jar:/Users/hakantetik/.m2/repository/com/google/j2objc/j2objc-annotations/2.8/j2objc-annotations-2.8.jar:/Users/hakantetik/.m2/repository/io/opentelemetry/opentelemetry-api/1.28.0/opentelemetry-api-1.28.0.jar:/Users/hakantetik/.m2/repository/io/opentelemetry/opentelemetry-context/1.28.0/opentelemetry-context-1.28.0.jar:/Users/hakantetik/.m2/repository/io/opentelemetry/opentelemetry-exporter-logging/1.28.0/opentelemetry-exporter-logging-1.28.0.jar:/Users/hakantetik/.m2/repository/io/opentelemetry/opentelemetry-sdk-metrics/1.28.0/opentelemetry-sdk-metrics-1.28.0.jar:/Users/hakantetik/.m2/repository/io/opentelemetry/opentelemetry-extension-incubator/1.28.0-alpha/opentelemetry-extension-incubator-1.28.0-alpha.jar:/Users/hakantetik/.m2/repository/io/opentelemetry/opentelemetry-sdk-logs/1.28.0/opentelemetry-sdk-logs-1.28.0.jar:/Users/hakantetik/.m2/repository/io/opentelemetry/opentelemetry-sdk-common/1.28.0/opentelemetry-sdk-common-1.28.0.jar:/Users/hakantetik/.m2/repository/io/opentelemetry/opentelemetry-sdk-extension-autoconfigure-spi/1.28.0/opentelemetry-sdk-extension-autoconfigure-spi-1.28.0.jar:/Users/hakantetik/.m2/repository/io/opentelemetry/opentelemetry-sdk-extension-autoconfigure/1.28.0/opentelemetry-sdk-extension-autoconfigure-1.28.0.jar:/Users/hakantetik/.m2/repository/io/opentelemetry/opentelemetry-api-events/1.28.0-alpha/opentelemetry-api-events-1.28.0-alpha.jar:/Users/hakantetik/.m2/repository/io/opentelemetry/opentelemetry-sdk-trace/1.28.0/opentelemetry-sdk-trace-1.28.0.jar:/Users/hakantetik/.m2/repository/io/opentelemetry/opentelemetry-sdk/1.28.0/opentelemetry-sdk-1.28.0.jar:/Users/hakantetik/.m2/repository/io/opentelemetry/opentelemetry-semconv/1.28.0-alpha/opentelemetry-semconv-1.28.0-alpha.jar:/Users/hakantetik/.m2/repository/net/bytebuddy/byte-buddy/1.14.5/byte-buddy-1.14.5.jar:/Users/hakantetik/.m2/repository/org/seleniumhq/selenium/selenium-os/4.15.0/selenium-os-4.15.0.jar:/Users/hakantetik/.m2/repository/org/apache/commons/commons-exec/1.3/commons-exec-1.3.jar:/Users/hakantetik/.m2/repository/org/seleniumhq/selenium/selenium-safari-driver/4.15.0/selenium-safari-driver-4.15.0.jar:/Users/hakantetik/.m2/repository/org/seleniumhq/selenium/selenium-support/4.15.0/selenium-support-4.15.0.jar:/Users/hakantetik/.m2/repository/io/github/bonigarcia/webdrivermanager/5.6.2/webdrivermanager-5.6.2.jar:/Users/hakantetik/.m2/repository/org/slf4j/slf4j-api/2.0.9/slf4j-api-2.0.9.jar:/Users/hakantetik/.m2/repository/com/google/code/gson/gson/2.10.1/gson-2.10.1.jar:/Users/hakantetik/.m2/repository/com/github/docker-java/docker-java/3.3.4/docker-java-3.3.4.jar:/Users/hakantetik/.m2/repository/com/github/docker-java/docker-java-core/3.3.4/docker-java-core-3.3.4.jar:/Users/hakantetik/.m2/repository/com/github/docker-java/docker-java-api/3.3.4/docker-java-api-3.3.4.jar:/Users/hakantetik/.m2/repository/com/fasterxml/jackson/core/jackson-annotations/2.10.3/jackson-annotations-2.10.3.jar:/Users/hakantetik/.m2/repository/com/fasterxml/jackson/core/jackson-databind/2.10.3/jackson-databind-2.10.3.jar:/Users/hakantetik/.m2/repository/com/fasterxml/jackson/core/jackson-core/2.10.3/jackson-core-2.10.3.jar:/Users/hakantetik/.m2/repository/org/bouncycastle/bcpkix-jdk18on/1.76/bcpkix-jdk18on-1.76.jar:/Users/hakantetik/.m2/repository/org/bouncycastle/bcprov-jdk18on/1.76/bcprov-jdk18on-1.76.jar:/Users/hakantetik/.m2/repository/org/bouncycastle/bcutil-jdk18on/1.76/bcutil-jdk18on-1.76.jar:/Users/hakantetik/.m2/repository/org/slf4j/jcl-over-slf4j/1.7.30/jcl-over-slf4j-1.7.30.jar:/Users/hakantetik/.m2/repository/com/github/docker-java/docker-java-transport-httpclient5/3.3.4/docker-java-transport-httpclient5-3.3.4.jar:/Users/hakantetik/.m2/repository/com/github/docker-java/docker-java-transport/3.3.4/docker-java-transport-3.3.4.jar:/Users/hakantetik/.m2/repository/net/java/dev/jna/jna/5.13.0/jna-5.13.0.jar:/Users/hakantetik/.m2/repository/org/brotli/dec/0.1.2/dec-0.1.2.jar:/Users/hakantetik/.m2/repository/org/apache/commons/commons-lang3/3.13.0/commons-lang3-3.13.0.jar:/Users/hakantetik/.m2/repository/org/apache/commons/commons-compress/1.24.0/commons-compress-1.24.0.jar:/Users/hakantetik/.m2/repository/org/apache/httpcomponents/client5/httpclient5/5.2.1/httpclient5-5.2.1.jar:/Users/hakantetik/.m2/repository/org/apache/httpcomponents/core5/httpcore5/5.2/httpcore5-5.2.jar:/Users/hakantetik/.m2/repository/org/apache/httpcomponents/core5/httpcore5-h2/5.2/httpcore5-h2-5.2.jar:/Users/hakantetik/.m2/repository/junit/junit/4.13.2/junit-4.13.2.jar:/Users/hakantetik/.m2/repository/org/hamcrest/hamcrest-core/1.3/hamcrest-core-1.3.jar:/Users/hakantetik/.m2/repository/io/qameta/allure/allure-cucumber7-jvm/2.24.0/allure-cucumber7-jvm-2.24.0.jar:/Users/hakantetik/.m2/repository/io/qameta/allure/allure-java-commons/2.24.0/allure-java-commons-2.24.0.jar:/Users/hakantetik/.m2/repository/io/qameta/allure/allure-model/2.24.0/allure-model-2.24.0.jar:/Users/hakantetik/.m2/repository/io/cucumber/gherkin/26.2.0/gherkin-26.2.0.jar:/Users/hakantetik/.m2/repository/io/qameta/allure/allure-junit4/2.24.0/allure-junit4-2.24.0.jar:/Users/hakantetik/.m2/repository/io/qameta/allure/allure-test-filter/2.24.0/allure-test-filter-2.24.0.jar:/Users/hakantetik/.m2/repository/ws/schild/jave-core/3.3.1/jave-core-3.3.1.jar:/Users/hakantetik/.m2/repository/ws/schild/jave-all-deps/3.3.1/jave-all-deps-3.3.1.jar:/Users/hakantetik/.m2/repository/ws/schild/jave-nativebin-win32/3.3.1/jave-nativebin-win32-3.3.1.jar:/Users/hakantetik/.m2/repository/ws/schild/jave-nativebin-win64/3.3.1/jave-nativebin-win64-3.3.1.jar:/Users/hakantetik/.m2/repository/ws/schild/jave-nativebin-linux32/3.3.1/jave-nativebin-linux32-3.3.1.jar:/Users/hakantetik/.m2/repository/ws/schild/jave-nativebin-linux64/3.3.1/jave-nativebin-linux64-3.3.1.jar:/Users/hakantetik/.m2/repository/ws/schild/jave-nativebin-osx64/3.3.1/jave-nativebin-osx64-3.3.1.jar:/Users/hakantetik/.m2/repository/ws/schild/jave-nativebin-osxm1/3.3.1/jave-nativebin-osxm1-3.3.1.jar:/Users/hakantetik/.m2/repository/ws/schild/jave-nativebin-linux-arm32/3.3.1/jave-nativebin-linux-arm32-3.3.1.jar:/Users/hakantetik/.m2/repository/ws/schild/jave-nativebin-linux-arm64/3.3.1/jave-nativebin-linux-arm64-3.3.1.jar:/Users/hakantetik/.m2/repository/com/github/stephenc/monte/monte-screen-recorder/0.7.7.0/monte-screen-recorder-0.7.7.0.jar:/Users/hakantetik/.m2/repository/ru/yandex/qatools/ashot/ashot/1.5.4/ashot-1.5.4.jar:/Users/hakantetik/.m2/repository/commons-io/commons-io/2.5/commons-io-2.5.jar:"/>
    <property name="java.vm.vendor" value="Homebrew"/>
    <property name="sun.arch.data.model" value="64"/>
    <property name="java.vendor.url" value="https://github.com/Homebrew/homebrew-core/issues"/>
    <property name="os.name" value="Mac OS X"/>
    <property name="java.vm.specification.version" value="17"/>
    <property name="sun.java.launcher" value="SUN_STANDARD"/>
    <property name="user.country" value="FR"/>
    <property name="sun.boot.library.path" value="/usr/local/Cellar/openjdk@17/17.0.13/libexec/openjdk.jdk/Contents/Home/lib"/>
    <property name="sun.java.command" value="/Users/hakantetik/Desktop/YapayZeka/target/surefire/surefirebooter-20250107115451171_3.jar /Users/hakantetik/Desktop/YapayZeka/target/surefire 2025-01-07T11-54-51_026-jvmRun1 surefire-20250107115451171_1tmp surefire_0-20250107115451171_2tmp"/>
    <property name="http.nonProxyHosts" value="local|*.local|169.254/16|*.169.254/16"/>
    <property name="jdk.debug" value="release"/>
    <property name="surefire.test.class.path" value="/Users/hakantetik/Desktop/YapayZeka/target/test-classes:/Users/hakantetik/Desktop/YapayZeka/target/classes:/Users/hakantetik/.m2/repository/io/cucumber/cucumber-java/7.14.0/cucumber-java-7.14.0.jar:/Users/hakantetik/.m2/repository/org/apiguardian/apiguardian-api/1.1.2/apiguardian-api-1.1.2.jar:/Users/hakantetik/.m2/repository/io/cucumber/cucumber-junit/7.14.0/cucumber-junit-7.14.0.jar:/Users/hakantetik/.m2/repository/io/cucumber/cucumber-core/7.14.0/cucumber-core-7.14.0.jar:/Users/hakantetik/.m2/repository/io/cucumber/cucumber-gherkin/7.14.0/cucumber-gherkin-7.14.0.jar:/Users/hakantetik/.m2/repository/io/cucumber/cucumber-gherkin-messages/7.14.0/cucumber-gherkin-messages-7.14.0.jar:/Users/hakantetik/.m2/repository/io/cucumber/messages/22.0.0/messages-22.0.0.jar:/Users/hakantetik/.m2/repository/io/cucumber/tag-expressions/5.0.6/tag-expressions-5.0.6.jar:/Users/hakantetik/.m2/repository/io/cucumber/cucumber-expressions/16.1.2/cucumber-expressions-16.1.2.jar:/Users/hakantetik/.m2/repository/io/cucumber/datatable/7.14.0/datatable-7.14.0.jar:/Users/hakantetik/.m2/repository/io/cucumber/cucumber-plugin/7.14.0/cucumber-plugin-7.14.0.jar:/Users/hakantetik/.m2/repository/io/cucumber/docstring/7.14.0/docstring-7.14.0.jar:/Users/hakantetik/.m2/repository/io/cucumber/html-formatter/20.4.0/html-formatter-20.4.0.jar:/Users/hakantetik/.m2/repository/io/cucumber/junit-xml-formatter/0.2.0/junit-xml-formatter-0.2.0.jar:/Users/hakantetik/.m2/repository/io/cucumber/ci-environment/9.2.0/ci-environment-9.2.0.jar:/Users/hakantetik/.m2/repository/org/seleniumhq/selenium/selenium-java/4.15.0/selenium-java-4.15.0.jar:/Users/hakantetik/.m2/repository/org/seleniumhq/selenium/selenium-api/4.15.0/selenium-api-4.15.0.jar:/Users/hakantetik/.m2/repository/org/seleniumhq/selenium/selenium-chrome-driver/4.15.0/selenium-chrome-driver-4.15.0.jar:/Users/hakantetik/.m2/repository/com/google/auto/service/auto-service-annotations/1.1.1/auto-service-annotations-1.1.1.jar:/Users/hakantetik/.m2/repository/org/seleniumhq/selenium/selenium-chromium-driver/4.15.0/selenium-chromium-driver-4.15.0.jar:/Users/hakantetik/.m2/repository/org/seleniumhq/selenium/selenium-json/4.15.0/selenium-json-4.15.0.jar:/Users/hakantetik/.m2/repository/org/seleniumhq/selenium/selenium-manager/4.15.0/selenium-manager-4.15.0.jar:/Users/hakantetik/.m2/repository/org/seleniumhq/selenium/selenium-devtools-v117/4.15.0/selenium-devtools-v117-4.15.0.jar:/Users/hakantetik/.m2/repository/org/seleniumhq/selenium/selenium-devtools-v118/4.15.0/selenium-devtools-v118-4.15.0.jar:/Users/hakantetik/.m2/repository/org/seleniumhq/selenium/selenium-devtools-v119/4.15.0/selenium-devtools-v119-4.15.0.jar:/Users/hakantetik/.m2/repository/org/seleniumhq/selenium/selenium-devtools-v85/4.15.0/selenium-devtools-v85-4.15.0.jar:/Users/hakantetik/.m2/repository/org/seleniumhq/selenium/selenium-edge-driver/4.15.0/selenium-edge-driver-4.15.0.jar:/Users/hakantetik/.m2/repository/org/seleniumhq/selenium/selenium-firefox-driver/4.15.0/selenium-firefox-driver-4.15.0.jar:/Users/hakantetik/.m2/repository/org/seleniumhq/selenium/selenium-http/4.15.0/selenium-http-4.15.0.jar:/Users/hakantetik/.m2/repository/dev/failsafe/failsafe/3.3.2/failsafe-3.3.2.jar:/Users/hakantetik/.m2/repository/org/seleniumhq/selenium/selenium-ie-driver/4.15.0/selenium-ie-driver-4.15.0.jar:/Users/hakantetik/.m2/repository/org/seleniumhq/selenium/selenium-remote-driver/4.15.0/selenium-remote-driver-4.15.0.jar:/Users/hakantetik/.m2/repository/com/google/guava/guava/32.1.2-jre/guava-32.1.2-jre.jar:/Users/hakantetik/.m2/repository/com/google/guava/failureaccess/1.0.1/failureaccess-1.0.1.jar:/Users/hakantetik/.m2/repository/com/google/guava/listenablefuture/9999.0-empty-to-avoid-conflict-with-guava/listenablefuture-9999.0-empty-to-avoid-conflict-with-guava.jar:/Users/hakantetik/.m2/repository/com/google/code/findbugs/jsr305/3.0.2/jsr305-3.0.2.jar:/Users/hakantetik/.m2/repository/org/checkerframework/checker-qual/3.33.0/checker-qual-3.33.0.jar:/Users/hakantetik/.m2/repository/com/google/errorprone/error_prone_annotations/2.18.0/error_prone_annotations-2.18.0.jar:/Users/hakantetik/.m2/repository/com/google/j2objc/j2objc-annotations/2.8/j2objc-annotations-2.8.jar:/Users/hakantetik/.m2/repository/io/opentelemetry/opentelemetry-api/1.28.0/opentelemetry-api-1.28.0.jar:/Users/hakantetik/.m2/repository/io/opentelemetry/opentelemetry-context/1.28.0/opentelemetry-context-1.28.0.jar:/Users/hakantetik/.m2/repository/io/opentelemetry/opentelemetry-exporter-logging/1.28.0/opentelemetry-exporter-logging-1.28.0.jar:/Users/hakantetik/.m2/repository/io/opentelemetry/opentelemetry-sdk-metrics/1.28.0/opentelemetry-sdk-metrics-1.28.0.jar:/Users/hakantetik/.m2/repository/io/opentelemetry/opentelemetry-extension-incubator/1.28.0-alpha/opentelemetry-extension-incubator-1.28.0-alpha.jar:/Users/hakantetik/.m2/repository/io/opentelemetry/opentelemetry-sdk-logs/1.28.0/opentelemetry-sdk-logs-1.28.0.jar:/Users/hakantetik/.m2/repository/io/opentelemetry/opentelemetry-sdk-common/1.28.0/opentelemetry-sdk-common-1.28.0.jar:/Users/hakantetik/.m2/repository/io/opentelemetry/opentelemetry-sdk-extension-autoconfigure-spi/1.28.0/opentelemetry-sdk-extension-autoconfigure-spi-1.28.0.jar:/Users/hakantetik/.m2/repository/io/opentelemetry/opentelemetry-sdk-extension-autoconfigure/1.28.0/opentelemetry-sdk-extension-autoconfigure-1.28.0.jar:/Users/hakantetik/.m2/repository/io/opentelemetry/opentelemetry-api-events/1.28.0-alpha/opentelemetry-api-events-1.28.0-alpha.jar:/Users/hakantetik/.m2/repository/io/opentelemetry/opentelemetry-sdk-trace/1.28.0/opentelemetry-sdk-trace-1.28.0.jar:/Users/hakantetik/.m2/repository/io/opentelemetry/opentelemetry-sdk/1.28.0/opentelemetry-sdk-1.28.0.jar:/Users/hakantetik/.m2/repository/io/opentelemetry/opentelemetry-semconv/1.28.0-alpha/opentelemetry-semconv-1.28.0-alpha.jar:/Users/hakantetik/.m2/repository/net/bytebuddy/byte-buddy/1.14.5/byte-buddy-1.14.5.jar:/Users/hakantetik/.m2/repository/org/seleniumhq/selenium/selenium-os/4.15.0/selenium-os-4.15.0.jar:/Users/hakantetik/.m2/repository/org/apache/commons/commons-exec/1.3/commons-exec-1.3.jar:/Users/hakantetik/.m2/repository/org/seleniumhq/selenium/selenium-safari-driver/4.15.0/selenium-safari-driver-4.15.0.jar:/Users/hakantetik/.m2/repository/org/seleniumhq/selenium/selenium-support/4.15.0/selenium-support-4.15.0.jar:/Users/hakantetik/.m2/repository/io/github/bonigarcia/webdrivermanager/5.6.2/webdrivermanager-5.6.2.jar:/Users/hakantetik/.m2/repository/org/slf4j/slf4j-api/2.0.9/slf4j-api-2.0.9.jar:/Users/hakantetik/.m2/repository/com/google/code/gson/gson/2.10.1/gson-2.10.1.jar:/Users/hakantetik/.m2/repository/com/github/docker-java/docker-java/3.3.4/docker-java-3.3.4.jar:/Users/hakantetik/.m2/repository/com/github/docker-java/docker-java-core/3.3.4/docker-java-core-3.3.4.jar:/Users/hakantetik/.m2/repository/com/github/docker-java/docker-java-api/3.3.4/docker-java-api-3.3.4.jar:/Users/hakantetik/.m2/repository/com/fasterxml/jackson/core/jackson-annotations/2.10.3/jackson-annotations-2.10.3.jar:/Users/hakantetik/.m2/repository/com/fasterxml/jackson/core/jackson-databind/2.10.3/jackson-databind-2.10.3.jar:/Users/hakantetik/.m2/repository/com/fasterxml/jackson/core/jackson-core/2.10.3/jackson-core-2.10.3.jar:/Users/hakantetik/.m2/repository/org/bouncycastle/bcpkix-jdk18on/1.76/bcpkix-jdk18on-1.76.jar:/Users/hakantetik/.m2/repository/org/bouncycastle/bcprov-jdk18on/1.76/bcprov-jdk18on-1.76.jar:/Users/hakantetik/.m2/repository/org/bouncycastle/bcutil-jdk18on/1.76/bcutil-jdk18on-1.76.jar:/Users/hakantetik/.m2/repository/org/slf4j/jcl-over-slf4j/1.7.30/jcl-over-slf4j-1.7.30.jar:/Users/hakantetik/.m2/repository/com/github/docker-java/docker-java-transport-httpclient5/3.3.4/docker-java-transport-httpclient5-3.3.4.jar:/Users/hakantetik/.m2/repository/com/github/docker-java/docker-java-transport/3.3.4/docker-java-transport-3.3.4.jar:/Users/hakantetik/.m2/repository/net/java/dev/jna/jna/5.13.0/jna-5.13.0.jar:/Users/hakantetik/.m2/repository/org/brotli/dec/0.1.2/dec-0.1.2.jar:/Users/hakantetik/.m2/repository/org/apache/commons/commons-lang3/3.13.0/commons-lang3-3.13.0.jar:/Users/hakantetik/.m2/repository/org/apache/commons/commons-compress/1.24.0/commons-compress-1.24.0.jar:/Users/hakantetik/.m2/repository/org/apache/httpcomponents/client5/httpclient5/5.2.1/httpclient5-5.2.1.jar:/Users/hakantetik/.m2/repository/org/apache/httpcomponents/core5/httpcore5/5.2/httpcore5-5.2.jar:/Users/hakantetik/.m2/repository/org/apache/httpcomponents/core5/httpcore5-h2/5.2/httpcore5-h2-5.2.jar:/Users/hakantetik/.m2/repository/junit/junit/4.13.2/junit-4.13.2.jar:/Users/hakantetik/.m2/repository/org/hamcrest/hamcrest-core/1.3/hamcrest-core-1.3.jar:/Users/hakantetik/.m2/repository/io/qameta/allure/allure-cucumber7-jvm/2.24.0/allure-cucumber7-jvm-2.24.0.jar:/Users/hakantetik/.m2/repository/io/qameta/allure/allure-java-commons/2.24.0/allure-java-commons-2.24.0.jar:/Users/hakantetik/.m2/repository/io/qameta/allure/allure-model/2.24.0/allure-model-2.24.0.jar:/Users/hakantetik/.m2/repository/io/cucumber/gherkin/26.2.0/gherkin-26.2.0.jar:/Users/hakantetik/.m2/repository/io/qameta/allure/allure-junit4/2.24.0/allure-junit4-2.24.0.jar:/Users/hakantetik/.m2/repository/io/qameta/allure/allure-test-filter/2.24.0/allure-test-filter-2.24.0.jar:/Users/hakantetik/.m2/repository/ws/schild/jave-core/3.3.1/jave-core-3.3.1.jar:/Users/hakantetik/.m2/repository/ws/schild/jave-all-deps/3.3.1/jave-all-deps-3.3.1.jar:/Users/hakantetik/.m2/repository/ws/schild/jave-nativebin-win32/3.3.1/jave-nativebin-win32-3.3.1.jar:/Users/hakantetik/.m2/repository/ws/schild/jave-nativebin-win64/3.3.1/jave-nativebin-win64-3.3.1.jar:/Users/hakantetik/.m2/repository/ws/schild/jave-nativebin-linux32/3.3.1/jave-nativebin-linux32-3.3.1.jar:/Users/hakantetik/.m2/repository/ws/schild/jave-nativebin-linux64/3.3.1/jave-nativebin-linux64-3.3.1.jar:/Users/hakantetik/.m2/repository/ws/schild/jave-nativebin-osx64/3.3.1/jave-nativebin-osx64-3.3.1.jar:/Users/hakantetik/.m2/repository/ws/schild/jave-nativebin-osxm1/3.3.1/jave-nativebin-osxm1-3.3.1.jar:/Users/hakantetik/.m2/repository/ws/schild/jave-nativebin-linux-arm32/3.3.1/jave-nativebin-linux-arm32-3.3.1.jar:/Users/hakantetik/.m2/repository/ws/schild/jave-nativebin-linux-arm64/3.3.1/jave-nativebin-linux-arm64-3.3.1.jar:/Users/hakantetik/.m2/repository/com/github/stephenc/monte/monte-screen-recorder/0.7.7.0/monte-screen-recorder-0.7.7.0.jar:/Users/hakantetik/.m2/repository/ru/yandex/qatools/ashot/ashot/1.5.4/ashot-1.5.4.jar:/Users/hakantetik/.m2/repository/commons-io/commons-io/2.5/commons-io-2.5.jar:"/>
    <property name="allure.results.directory" value="/Users/hakantetik/Desktop/YapayZeka/target/allure-results"/>
    <property name="sun.cpu.endian" value="little"/>
    <property name="user.home" value="/Users/hakantetik"/>
    <property name="user.language" value="tr"/>
    <property name="java.specification.vendor" value="Oracle Corporation"/>
    <property name="java.version.date" value="2024-10-15"/>
    <property name="java.home" value="/usr/local/Cellar/openjdk@17/17.0.13/libexec/openjdk.jdk/Contents/Home"/>
    <property name="file.separator" value="/"/>
    <property name="basedir" value="/Users/hakantetik/Desktop/YapayZeka"/>
    <property name="java.vm.compressedOopsMode" value="Zero based"/>
    <property name="line.separator" value="&#10;"/>
    <property name="java.vm.specification.vendor" value="Oracle Corporation"/>
    <property name="java.specification.name" value="Java Platform API Specification"/>
    <property name="surefire.real.class.path" value="/Users/hakantetik/Desktop/YapayZeka/target/surefire/surefirebooter-20250107115451171_3.jar"/>
    <property name="sun.management.compiler" value="HotSpot 64-Bit Tiered Compilers"/>
    <property name="ftp.nonProxyHosts" value="local|*.local|169.254/16|*.169.254/16"/>
    <property name="java.runtime.version" value="17.0.13+0"/>
    <property name="user.name" value="hakantetik"/>
    <property name="path.separator" value=":"/>
    <property name="os.version" value="15.2"/>
    <property name="java.runtime.name" value="OpenJDK Runtime Environment"/>
    <property name="file.encoding" value="UTF-8"/>
    <property name="java.vm.name" value="OpenJDK 64-Bit Server VM"/>
    <property name="java.vendor.version" value="Homebrew"/>
    <property name="localRepository" value="/Users/hakantetik/.m2/repository"/>
    <property name="java.vendor.url.bug" value="https://github.com/Homebrew/homebrew-core/issues"/>
    <property name="java.io.tmpdir" value="/var/folders/yv/xslfpg590dv5h4c15d2y4hn80000gn/T/"/>
    <property name="java.version" value="17.0.13"/>
    <property name="user.dir" value="/Users/hakantetik/Desktop/YapayZeka"/>
    <property name="os.arch" value="x86_64"/>
    <property name="java.vm.specification.name" value="Java Virtual Machine Specification"/>
    <property name="native.encoding" value="UTF-8"/>
    <property name="java.library.path" value="/Users/hakantetik/Library/Java/Extensions:/Library/Java/Extensions:/Network/Library/Java/Extensions:/System/Library/Java/Extensions:/usr/lib/java:."/>
    <property name="java.vm.info" value="mixed mode, sharing"/>
    <property name="java.vendor" value="Homebrew"/>
    <property name="java.vm.version" value="17.0.13+0"/>
    <property name="java.specification.maintenance.version" value="1"/>
    <property name="sun.io.unicode.encoding" value="UnicodeBig"/>
    <property name="socksNonProxyHosts" value="local|*.local|169.254/16|*.169.254/16"/>
    <property name="java.class.version" value="61.0"/>
  </properties>
  <testcase name="Sayfa başlığını doğrula" classname="Blog Sayfası Test Senaryoları" time="4.678">
    <system-out><![CDATA[
Scenario: Sayfa başlığını doğrula                                           &amp#27;[90m# src/test/resources/features/blog.feature:3&amp#27;[0m
Video kaydı başlatıldı: target/allure-results/Sayfa_başlığını_doğrula_1736247292306.avi
Browser konumu: x=1792, y=25
Browser boyutu: width=1920, height=981
Mevcut Başlık: Hakan Tetik - SDET & Test Automation Engineer
Sayfa URL: http://localhost:3000/
Sayfa Başlığı: Hakan Tetik - SDET & Test Automation Engineer
  &amp#27;[32mGiven &amp#27;[0m&amp#27;[32mBlog sayfasına git&amp#27;[0m                                                  &amp#27;[90m# stepDefinitions.BlogSteps.blogSayfasinaGit()&amp#27;[0m
  &amp#27;[32mThen &amp#27;[0m&amp#27;[32mSayfa başlığı &amp#27;[0m&amp#27;[32m&amp#27;[1m"Hakan Tetik - SDET & Test Automation Engineer"&amp#27;[0m&amp#27;[32m olmalı&amp#27;[0m &amp#27;[90m# stepDefinitions.BlogSteps.sayfaBasligiOlmali(java.lang.String)&amp#27;[0m
AVI video kaydedildi: /Users/hakantetik/Desktop/YapayZeka/target/allure-results/Sayfa_başlığını_doğrula_1736247292306.avi
MP4 video oluşturuldu: /Users/hakantetik/Desktop/YapayZeka/target/allure-results/Sayfa_başlığını_doğrula_1736247292306.mp4
AVI dosyası silindi: /Users/hakantetik/Desktop/YapayZeka/target/allure-results/Sayfa_başlığını_doğrula_1736247292306.avi

    Embedding Test Video [video/mp4 55275 bytes]

]]></system-out>
    <system-err><![CDATA[SLF4J: No SLF4J providers were found.
SLF4J: Defaulting to no-operation (NOP) logger implementation
SLF4J: See https://www.slf4j.org/codes.html#noProviders for further details.
Oca 07, 2025 11:54:54 ÖÖ org.openqa.selenium.devtools.CdpVersionFinder findNearestMatch
WARNING: Unable to find CDP implementation matching 131
Oca 07, 2025 11:54:54 ÖÖ org.openqa.selenium.chromium.ChromiumDriver lambda$new$5
WARNING: Unable to find version of CDP to use for 131.0.6778.205. You may need to include a dependency on a specific version of the CDP using something similar to `org.seleniumhq.selenium:selenium-devtools-v86:4.15.0` where the version ("v86") matches the version of the chromium-based browser you're using and the version number of the artifact is the same as Selenium's.
]]></system-err>
  </testcase>
  <testcase name="Ana menü linklerini kontrol et" classname="Blog Sayfası Test Senaryoları" time="3.795">
    <system-out><![CDATA[
Scenario: Ana menü linklerini kontrol et &amp#27;[90m# src/test/resources/features/blog.feature:7&amp#27;[0m
Video kaydı başlatıldı: target/allure-results/Ana_menü_linklerini_kontrol_et_1736247296895.avi
Browser konumu: x=1792, y=25
Browser boyutu: width=1920, height=982
Mevcut Başlık: Hakan Tetik - SDET & Test Automation Engineer
Sayfa URL: http://localhost:3000/
Sayfa Başlığı: Hakan Tetik - SDET & Test Automation Engineer
  &amp#27;[32mGiven &amp#27;[0m&amp#27;[32mBlog sayfasına git&amp#27;[0m               &amp#27;[90m# stepDefinitions.BlogSteps.blogSayfasinaGit()&amp#27;[0m
  &amp#27;[32mThen &amp#27;[0m&amp#27;[32mMenüde &amp#27;[0m&amp#27;[32m&amp#27;[1m"Ana Sayfa"&amp#27;[0m&amp#27;[32m linki olmalı&amp#27;[0m   &amp#27;[90m# stepDefinitions.BlogSteps.menudeLinkiOlmali(java.lang.String)&amp#27;[0m
  &amp#27;[32mAnd &amp#27;[0m&amp#27;[32mMenüde &amp#27;[0m&amp#27;[32m&amp#27;[1m"Hakkımda"&amp#27;[0m&amp#27;[32m linki olmalı&amp#27;[0m     &amp#27;[90m# stepDefinitions.BlogSteps.menudeLinkiOlmali(java.lang.String)&amp#27;[0m
  &amp#27;[32mAnd &amp#27;[0m&amp#27;[32mMenüde &amp#27;[0m&amp#27;[32m&amp#27;[1m"Projeler"&amp#27;[0m&amp#27;[32m linki olmalı&amp#27;[0m     &amp#27;[90m# stepDefinitions.BlogSteps.menudeLinkiOlmali(java.lang.String)&amp#27;[0m
  &amp#27;[32mAnd &amp#27;[0m&amp#27;[32mMenüde &amp#27;[0m&amp#27;[32m&amp#27;[1m"Kurslar"&amp#27;[0m&amp#27;[32m linki olmalı&amp#27;[0m      &amp#27;[90m# stepDefinitions.BlogSteps.menudeLinkiOlmali(java.lang.String)&amp#27;[0m
  &amp#27;[32mAnd &amp#27;[0m&amp#27;[32mMenüde &amp#27;[0m&amp#27;[32m&amp#27;[1m"İletişim"&amp#27;[0m&amp#27;[32m linki olmalı&amp#27;[0m     &amp#27;[90m# stepDefinitions.BlogSteps.menudeLinkiOlmali(java.lang.String)&amp#27;[0m
AVI video kaydedildi: /Users/hakantetik/Desktop/YapayZeka/target/allure-results/Ana_menü_linklerini_kontrol_et_1736247296895.avi
MP4 video oluşturuldu: /Users/hakantetik/Desktop/YapayZeka/target/allure-results/Ana_menü_linklerini_kontrol_et_1736247296895.mp4
AVI dosyası silindi: /Users/hakantetik/Desktop/YapayZeka/target/allure-results/Ana_menü_linklerini_kontrol_et_1736247296895.avi

    Embedding Test Video [video/mp4 55132 bytes]

]]></system-out>
    <system-err><![CDATA[Oca 07, 2025 11:54:58 ÖÖ org.openqa.selenium.devtools.CdpVersionFinder findNearestMatch
WARNING: Unable to find CDP implementation matching 131
Oca 07, 2025 11:54:58 ÖÖ org.openqa.selenium.chromium.ChromiumDriver lambda$new$5
WARNING: Unable to find version of CDP to use for 131.0.6778.205. You may need to include a dependency on a specific version of the CDP using something similar to `org.seleniumhq.selenium:selenium-devtools-v86:4.15.0` where the version ("v86") matches the version of the chromium-based browser you're using and the version number of the artifact is the same as Selenium's.
]]></system-err>
  </testcase>
  <testcase name="Sosyal medya ikonlarını kontrol et" classname="Blog Sayfası Test Senaryoları" time="3.266">
    <system-out><![CDATA[
Scenario: Sosyal medya ikonlarını kontrol et &amp#27;[90m# src/test/resources/features/blog.feature:15&amp#27;[0m
Video kaydı başlatıldı: target/allure-results/Sosyal_medya_ikonlarını_kontrol_et_1736247300692.avi
Browser konumu: x=1792, y=25
Browser boyutu: width=1920, height=982
Mevcut Başlık: Hakan Tetik - SDET & Test Automation Engineer
Sayfa URL: http://localhost:3000/
Sayfa Başlığı: Hakan Tetik - SDET & Test Automation Engineer
  &amp#27;[32mGiven &amp#27;[0m&amp#27;[32mBlog sayfasına git&amp#27;[0m                   &amp#27;[90m# stepDefinitions.BlogSteps.blogSayfasinaGit()&amp#27;[0m
  &amp#27;[32mThen &amp#27;[0m&amp#27;[32mLinkedIn ikonu görünür olmalı&amp#27;[0m         &amp#27;[90m# stepDefinitions.BlogSteps.linkedinIkonuGorunurOlmali()&amp#27;[0m
  &amp#27;[32mAnd &amp#27;[0m&amp#27;[32mGitHub ikonu görünür olmalı&amp#27;[0m            &amp#27;[90m# stepDefinitions.BlogSteps.githubIkonuGorunurOlmali()&amp#27;[0m
  &amp#27;[32mAnd &amp#27;[0m&amp#27;[32mTwitter ikonu görünür olmalı&amp#27;[0m           &amp#27;[90m# stepDefinitions.BlogSteps.twitterIkonuGorunurOlmali()&amp#27;[0m
AVI video kaydedildi: /Users/hakantetik/Desktop/YapayZeka/target/allure-results/Sosyal_medya_ikonlarını_kontrol_et_1736247300692.avi
MP4 video oluşturuldu: /Users/hakantetik/Desktop/YapayZeka/target/allure-results/Sosyal_medya_ikonlarını_kontrol_et_1736247300692.mp4
AVI dosyası silindi: /Users/hakantetik/Desktop/YapayZeka/target/allure-results/Sosyal_medya_ikonlarını_kontrol_et_1736247300692.avi

    Embedding Test Video [video/mp4 55142 bytes]

]]></system-out>
    <system-err><![CDATA[Oca 07, 2025 11:55:01 ÖÖ org.openqa.selenium.devtools.CdpVersionFinder findNearestMatch
WARNING: Unable to find CDP implementation matching 131
Oca 07, 2025 11:55:01 ÖÖ org.openqa.selenium.chromium.ChromiumDriver lambda$new$5
WARNING: Unable to find version of CDP to use for 131.0.6778.205. You may need to include a dependency on a specific version of the CDP using something similar to `org.seleniumhq.selenium:selenium-devtools-v86:4.15.0` where the version ("v86") matches the version of the chromium-based browser you're using and the version number of the artifact is the same as Selenium's.
]]></system-err>
  </testcase>
  <testcase name="Hakkımda bölümünü kontrol et" classname="Blog Sayfası Test Senaryoları" time="15.385">
    <error message="Expected condition failed: waiting for url to contain &quot;hakkımda&quot;. Current url: &quot;http://localhost:3000/&quot; (tried for 10 second(s) with 500 milliseconds interval)&#10;Build info: version: &apos;4.15.0&apos;, revision: &apos;1d14b5521b&apos;&#10;System info: os.name: &apos;Mac OS X&apos;, os.arch: &apos;x86_64&apos;, os.version: &apos;15.2&apos;, java.version: &apos;17.0.13&apos;&#10;Driver info: org.openqa.selenium.chrome.ChromeDriver&#10;Capabilities {acceptInsecureCerts: false, browserName: chrome, browserVersion: 131.0.6778.205, chrome: {chromedriverVersion: 131.0.6778.204 (52183f9e99a..., userDataDir: /var/folders/yv/xslfpg590dv...}, fedcm:accounts: true, goog:chromeOptions: {debuggerAddress: localhost:51730}, networkConnectionEnabled: false, pageLoadStrategy: normal, platformName: mac, proxy: Proxy(), se:cdp: ws://localhost:51730/devtoo..., se:cdpVersion: 131.0.6778.205, setWindowRect: true, strictFileInteractability: false, timeouts: {implicit: 0, pageLoad: 300000, script: 30000}, unhandledPromptBehavior: dismiss and notify, webauthn:extension:credBlob: true, webauthn:extension:largeBlob: true, webauthn:extension:minPinLength: true, webauthn:extension:prf: true, webauthn:virtualAuthenticators: true}&#10;Session ID: 9c55caef1469807b350aaeee148ad531" type="org.openqa.selenium.TimeoutException"><![CDATA[org.openqa.selenium.TimeoutException: 
Expected condition failed: waiting for url to contain "hakkımda". Current url: "http://localhost:3000/" (tried for 10 second(s) with 500 milliseconds interval)
Build info: version: '4.15.0', revision: '1d14b5521b'
System info: os.name: 'Mac OS X', os.arch: 'x86_64', os.version: '15.2', java.version: '17.0.13'
Driver info: org.openqa.selenium.chrome.ChromeDriver
Capabilities {acceptInsecureCerts: false, browserName: chrome, browserVersion: 131.0.6778.205, chrome: {chromedriverVersion: 131.0.6778.204 (52183f9e99a..., userDataDir: /var/folders/yv/xslfpg590dv...}, fedcm:accounts: true, goog:chromeOptions: {debuggerAddress: localhost:51730}, networkConnectionEnabled: false, pageLoadStrategy: normal, platformName: mac, proxy: Proxy(), se:cdp: ws://localhost:51730/devtoo..., se:cdpVersion: 131.0.6778.205, setWindowRect: true, strictFileInteractability: false, timeouts: {implicit: 0, pageLoad: 300000, script: 30000}, unhandledPromptBehavior: dismiss and notify, webauthn:extension:credBlob: true, webauthn:extension:largeBlob: true, webauthn:extension:minPinLength: true, webauthn:extension:prf: true, webauthn:virtualAuthenticators: true}
Session ID: 9c55caef1469807b350aaeee148ad531
	at org.openqa.selenium.support.ui.WebDriverWait.timeoutException(WebDriverWait.java:84)
	at org.openqa.selenium.support.ui.FluentWait.until(FluentWait.java:229)
	at stepDefinitions.BlogSteps.bolumuneGit(BlogSteps.java:117)
	at ✽."Hakkımda" bölümüne git(file:///Users/hakantetik/Desktop/YapayZeka/src/test/resources/features/blog.feature:23)
]]></error>
    <system-out><![CDATA[
Scenario: Hakkımda bölümünü kontrol et           &amp#27;[90m# src/test/resources/features/blog.feature:21&amp#27;[0m
Video kaydı başlatıldı: target/allure-results/Hakkımda_bölümünü_kontrol_et_1736247303959.avi
Browser konumu: x=1792, y=25
Browser boyutu: width=1920, height=982
Mevcut Başlık: Hakan Tetik - SDET & Test Automation Engineer
Sayfa URL: http://localhost:3000/
Sayfa Başlığı: Hakan Tetik - SDET & Test Automation Engineer
  &amp#27;[32mGiven &amp#27;[0m&amp#27;[32mBlog sayfasına git&amp#27;[0m                       &amp#27;[90m# stepDefinitions.BlogSteps.blogSayfasinaGit()&amp#27;[0m
HATA: Hakkımda bölümüne gidilemedi!
  &amp#27;[31mWhen &amp#27;[0m&amp#27;[31m&amp#27;[0m&amp#27;[31m&amp#27;[1m"Hakkımda"&amp#27;[0m&amp#27;[31m bölümüne git&amp#27;[0m                   &amp#27;[90m# stepDefinitions.BlogSteps.bolumuneGit(java.lang.String)&amp#27;[0m
      &amp#27;[31morg.openqa.selenium.TimeoutException: Expected condition failed: waiting for url to contain "hakkımda". Current url: "http://localhost:3000/" (tried for 10 second(s) with 500 milliseconds interval)
Build info: version: '4.15.0', revision: '1d14b5521b'
System info: os.name: 'Mac OS X', os.arch: 'x86_64', os.version: '15.2', java.version: '17.0.13'
Driver info: org.openqa.selenium.chrome.ChromeDriver
Capabilities {acceptInsecureCerts: false, browserName: chrome, browserVersion: 131.0.6778.205, chrome: {chromedriverVersion: 131.0.6778.204 (52183f9e99a..., userDataDir: /var/folders/yv/xslfpg590dv...}, fedcm:accounts: true, goog:chromeOptions: {debuggerAddress: localhost:51730}, networkConnectionEnabled: false, pageLoadStrategy: normal, platformName: mac, proxy: Proxy(), se:cdp: ws://localhost:51730/devtoo..., se:cdpVersion: 131.0.6778.205, setWindowRect: true, strictFileInteractability: false, timeouts: {implicit: 0, pageLoad: 300000, script: 30000}, unhandledPromptBehavior: dismiss and notify, webauthn:extension:credBlob: true, webauthn:extension:largeBlob: true, webauthn:extension:minPinLength: true, webauthn:extension:prf: true, webauthn:virtualAuthenticators: true}
Session ID: 9c55caef1469807b350aaeee148ad531
	at org.openqa.selenium.support.ui.WebDriverWait.timeoutException(WebDriverWait.java:84)
	at org.openqa.selenium.support.ui.FluentWait.until(FluentWait.java:229)
	at stepDefinitions.BlogSteps.bolumuneGit(BlogSteps.java:117)
	at ✽."Hakkımda" bölümüne git(file:///Users/hakantetik/Desktop/YapayZeka/src/test/resources/features/blog.feature:23)
&amp#27;[0m
  &amp#27;[36mThen &amp#27;[0m&amp#27;[36m&amp#27;[0m&amp#27;[36m&amp#27;[1m"I'm Here for You"&amp#27;[0m&amp#27;[36m başlığı görünür olmalı&amp#27;[0m &amp#27;[90m# stepDefinitions.BlogSteps.basligiGorunurOlmali(java.lang.String)&amp#27;[0m
  &amp#27;[36mAnd &amp#27;[0m&amp#27;[36m&amp#27;[0m&amp#27;[36m&amp#27;[1m"Latest Courses"&amp#27;[0m&amp#27;[36m kartı görünür olmalı&amp#27;[0m      &amp#27;[90m# stepDefinitions.BlogSteps.kartiGorunurOlmali(java.lang.String)&amp#27;[0m
  &amp#27;[36mAnd &amp#27;[0m&amp#27;[36m&amp#27;[0m&amp#27;[36m&amp#27;[1m"Tech Articles"&amp#27;[0m&amp#27;[36m kartı görünür olmalı&amp#27;[0m       &amp#27;[90m# stepDefinitions.BlogSteps.kartiGorunurOlmali(java.lang.String)&amp#27;[0m
  &amp#27;[36mAnd &amp#27;[0m&amp#27;[36m&amp#27;[0m&amp#27;[36m&amp#27;[1m"Open Source"&amp#27;[0m&amp#27;[36m kartı görünür olmalı&amp#27;[0m         &amp#27;[90m# stepDefinitions.BlogSteps.kartiGorunurOlmali(java.lang.String)&amp#27;[0m

    Embedding Screenshot [image/png 99263 bytes]

AVI video kaydedildi: /Users/hakantetik/Desktop/YapayZeka/target/allure-results/Hakkımda_bölümünü_kontrol_et_1736247303959.avi
MP4 video oluşturuldu: /Users/hakantetik/Desktop/YapayZeka/target/allure-results/Hakkımda_bölümünü_kontrol_et_1736247303959.mp4
AVI dosyası silindi: /Users/hakantetik/Desktop/YapayZeka/target/allure-results/Hakkımda_bölümünü_kontrol_et_1736247303959.avi

    Embedding Test Video [video/mp4 552592 bytes]

]]></system-out>
    <system-err><![CDATA[Oca 07, 2025 11:55:05 ÖÖ org.openqa.selenium.devtools.CdpVersionFinder findNearestMatch
WARNING: Unable to find CDP implementation matching 131
Oca 07, 2025 11:55:05 ÖÖ org.openqa.selenium.chromium.ChromiumDriver lambda$new$5
WARNING: Unable to find version of CDP to use for 131.0.6778.205. You may need to include a dependency on a specific version of the CDP using something similar to `org.seleniumhq.selenium:selenium-devtools-v86:4.15.0` where the version ("v86") matches the version of the chromium-based browser you're using and the version number of the artifact is the same as Selenium's.
]]></system-err>
  </testcase>
</testsuite>